<?xml version="1.0" encoding="UTF-8"?>
<!-- Generated by org.testng.reporters.JUnitReportReporter -->
<testsuite hostname="DESKTOP-L2PADA9" failures="0" tests="1" name="seleniumAutomationMaven1.testNG_test1" time="4.700" errors="0" timestamp="2024-03-22T16:31:26 CDT" skipped="0">
  <testcase classname="seleniumAutomationMaven1.testNG_test1" name="firefoxinvoketest" time="4.700"/>
  <system-out/>
</testsuite> <!-- seleniumAutomationMaven1.testNG_test1 -->
